This is pdfTeX, Version 3.1415926-2.5-1.40.14 (MiKTeX 2.9 64-bit) (preloaded format=pdflatex 2014.8.25)  26 AUG 2014 09:44
entering extended mode
**E:/Libraries/Documents/Research/OculusTreadmill/Papers/Rift*Paper/main.tex
("E:/Libraries/Documents/Research/OculusTreadmill/Papers/Rift Paper/main.tex"
LaTeX2e <2011/06/27>
Babel <v3.8m> and hyphenation patterns for english, afrikaans, ancientgreek, ar
abic, armenian, assamese, basque, bengali, bokmal, bulgarian, catalan, coptic, 
croatian, czech, danish, dutch, esperanto, estonian, farsi, finnish, french, ga
lician, german, german-x-2013-05-26, greek, gujarati, hindi, hungarian, iceland
ic, indonesian, interlingua, irish, italian, kannada, kurmanji, latin, latvian,
 lithuanian, malayalam, marathi, mongolian, mongolianlmc, monogreek, ngerman, n
german-x-2013-05-26, nynorsk, oriya, panjabi, pinyin, polish, portuguese, roman
ian, russian, sanskrit, serbian, slovak, slovenian, spanish, swedish, swissgerm
an, tamil, telugu, turkish, turkmen, ukenglish, ukrainian, uppersorbian, usengl
ishmax, welsh, loaded.
("E:\Program Files\MikTeX\tex\latex\ieeetran\IEEEtran.cls"
Document Class: IEEEtran 2012/12/27 V1.8 by Michael Shell
-- See the "IEEEtran_HOWTO" manual for usage information.
-- http://www.michaelshell.org/tex/ieeetran/
\@IEEEtrantmpdimenA=\dimen102
\@IEEEtrantmpdimenB=\dimen103
\@IEEEtrantmpcountA=\count79
\@IEEEtrantmpcountB=\count80
\@IEEEtrantmptoksA=\toks14
LaTeX Font Info:    Try loading font information for OT1+ptm on input line 368.

("E:\Program Files\MikTeX\tex\latex\psnfss\ot1ptm.fd"
File: ot1ptm.fd 2001/06/04 font definitions for OT1/ptm.
)
-- Using 8.5in x 11in (letter) paper.
-- Using PDF output.
\@IEEEnormalsizeunitybaselineskip=\dimen104
-- This is a 10 point document.
\CLASSINFOnormalsizebaselineskip=\dimen105
\CLASSINFOnormalsizeunitybaselineskip=\dimen106
\IEEEnormaljot=\dimen107
LaTeX Font Info:    Font shape `OT1/ptm/bx/n' in size <5> not available
(Font)              Font shape `OT1/ptm/b/n' tried instead on input line 726.
LaTeX Font Info:    Font shape `OT1/ptm/bx/it' in size <5> not available
(Font)              Font shape `OT1/ptm/b/it' tried instead on input line 726.
LaTeX Font Info:    Font shape `OT1/ptm/bx/n' in size <7> not available
(Font)              Font shape `OT1/ptm/b/n' tried instead on input line 726.
LaTeX Font Info:    Font shape `OT1/ptm/bx/it' in size <7> not available
(Font)              Font shape `OT1/ptm/b/it' tried instead on input line 726.
LaTeX Font Info:    Font shape `OT1/ptm/bx/n' in size <8> not available
(Font)              Font shape `OT1/ptm/b/n' tried instead on input line 726.
LaTeX Font Info:    Font shape `OT1/ptm/bx/it' in size <8> not available
(Font)              Font shape `OT1/ptm/b/it' tried instead on input line 726.
LaTeX Font Info:    Font shape `OT1/ptm/bx/n' in size <9> not available
(Font)              Font shape `OT1/ptm/b/n' tried instead on input line 726.
LaTeX Font Info:    Font shape `OT1/ptm/bx/it' in size <9> not available
(Font)              Font shape `OT1/ptm/b/it' tried instead on input line 726.
LaTeX Font Info:    Font shape `OT1/ptm/bx/n' in size <10> not available
(Font)              Font shape `OT1/ptm/b/n' tried instead on input line 726.
LaTeX Font Info:    Font shape `OT1/ptm/bx/it' in size <10> not available
(Font)              Font shape `OT1/ptm/b/it' tried instead on input line 726.
LaTeX Font Info:    Font shape `OT1/ptm/bx/n' in size <11> not available
(Font)              Font shape `OT1/ptm/b/n' tried instead on input line 726.
LaTeX Font Info:    Font shape `OT1/ptm/bx/it' in size <11> not available
(Font)              Font shape `OT1/ptm/b/it' tried instead on input line 726.
LaTeX Font Info:    Font shape `OT1/ptm/bx/n' in size <12> not available
(Font)              Font shape `OT1/ptm/b/n' tried instead on input line 726.
LaTeX Font Info:    Font shape `OT1/ptm/bx/it' in size <12> not available
(Font)              Font shape `OT1/ptm/b/it' tried instead on input line 726.
LaTeX Font Info:    Font shape `OT1/ptm/bx/n' in size <17> not available
(Font)              Font shape `OT1/ptm/b/n' tried instead on input line 726.
LaTeX Font Info:    Font shape `OT1/ptm/bx/it' in size <17> not available
(Font)              Font shape `OT1/ptm/b/it' tried instead on input line 726.
LaTeX Font Info:    Font shape `OT1/ptm/bx/n' in size <20> not available
(Font)              Font shape `OT1/ptm/b/n' tried instead on input line 726.
LaTeX Font Info:    Font shape `OT1/ptm/bx/it' in size <20> not available
(Font)              Font shape `OT1/ptm/b/it' tried instead on input line 726.
LaTeX Font Info:    Font shape `OT1/ptm/bx/n' in size <24> not available
(Font)              Font shape `OT1/ptm/b/n' tried instead on input line 726.
LaTeX Font Info:    Font shape `OT1/ptm/bx/it' in size <24> not available
(Font)              Font shape `OT1/ptm/b/it' tried instead on input line 726.
\IEEEilabelindentA=\dimen108
\IEEEilabelindentB=\dimen109
\IEEEilabelindent=\dimen110
\IEEEelabelindent=\dimen111
\IEEEdlabelindent=\dimen112
\IEEElabelindent=\dimen113
\IEEEiednormlabelsep=\dimen114
\IEEEiedmathlabelsep=\dimen115
\IEEEiedtopsep=\skip41
\c@section=\count81
\c@subsection=\count82
\c@subsubsection=\count83
\c@paragraph=\count84
\c@IEEEsubequation=\count85
\abovecaptionskip=\skip42
\belowcaptionskip=\skip43
\c@figure=\count86
\c@table=\count87
\@IEEEeqnnumcols=\count88
\@IEEEeqncolcnt=\count89
\@IEEEsubeqnnumrollback=\count90
\@IEEEtmpitemindent=\dimen116
\c@IEEEbiography=\count91
\@IEEEtranrubishbin=\box26
) ("E:\Program Files\MikTeX\tex\latex\graphics\graphicx.sty"
Package: graphicx 1999/02/16 v1.0f Enhanced LaTeX Graphics (DPC,SPQR)

("E:\Program Files\MikTeX\tex\latex\graphics\keyval.sty"
Package: keyval 1999/03/16 v1.13 key=value parser (DPC)
\KV@toks@=\toks15
)
("E:\Program Files\MikTeX\tex\latex\graphics\graphics.sty"
Package: graphics 2009/02/05 v1.0o Standard LaTeX Graphics (DPC,SPQR)

("E:\Program Files\MikTeX\tex\latex\graphics\trig.sty"
Package: trig 1999/03/16 v1.09 sin cos tan (DPC)
)
("E:\Program Files\MikTeX\tex\latex\00miktex\graphics.cfg"
File: graphics.cfg 2007/01/18 v1.5 graphics configuration of teTeX/TeXLive
)
Package graphics Info: Driver file: pdftex.def on input line 91.

("E:\Program Files\MikTeX\tex\latex\pdftex-def\pdftex.def"
File: pdftex.def 2011/05/27 v0.06d Graphics/color for pdfTeX

("E:\Program Files\MikTeX\tex\generic\oberdiek\infwarerr.sty"
Package: infwarerr 2010/04/08 v1.3 Providing info/warning/error messages (HO)
)
("E:\Program Files\MikTeX\tex\generic\oberdiek\ltxcmds.sty"
Package: ltxcmds 2011/11/09 v1.22 LaTeX kernel commands for general use (HO)
)
\Gread@gobject=\count92
))
\Gin@req@height=\dimen117
\Gin@req@width=\dimen118
)
("E:\Program Files\MikTeX\tex\latex\cite\cite.sty"
LaTeX Info: Redefining \cite on input line 302.
LaTeX Info: Redefining \nocite on input line 373.
Package: cite 2010/09/10  v 5.3
)
("E:\Program Files\MikTeX\tex\latex\preprint\balance.sty"
Package: balance 1999/02/23 4.3 (PWD)
\oldvsize=\dimen119
)
("E:\Program Files\MikTeX\tex\latex\multirow\multirow.sty"
\bigstrutjot=\dimen120
)
("E:\Program Files\MikTeX\tex\latex\caption\caption.sty"
Package: caption 2013/05/02 v3.3-89 Customizing captions (AR)

("E:\Program Files\MikTeX\tex\latex\caption\caption3.sty"
Package: caption3 2013/05/02 v1.6-88 caption3 kernel (AR)
Package caption3 Info: TeX engine: e-TeX on input line 57.
\captionmargin=\dimen121
\captionmargin@=\dimen122
\captionwidth=\dimen123
\caption@tempdima=\dimen124
\caption@indent=\dimen125
\caption@parindent=\dimen126
\caption@hangindent=\dimen127
Package caption Info: Unknown document class (or package),
(caption)             standard defaults will be used.
)

Package caption Warning: Unsupported document class (or package) detected,
(caption)                usage of the caption package is not recommended.
See the caption package documentation for explanation.

Package caption Info: \@makecaption = \long macro:#1#2->\ifx \@captype \@IEEEta
blestring \footnotesize \bgroup \par \centering \@IEEEtabletopskipstrut {\norma
lfont \footnotesize #1}\\{\normalfont \footnotesize \scshape #2}\par \addvspace
 {0.5\baselineskip }\egroup \@IEEEtablecaptionsepspace \else \@IEEEfigurecaptio
nsepspace \setbox \@tempboxa \hbox {\normalfont \footnotesize {#1.}\nobreakspac
e \nobreakspace #2}\ifdim \wd \@tempboxa >\hsize \setbox \@tempboxa \hbox {\nor
malfont \footnotesize {#1.}\nobreakspace \nobreakspace }\parbox [t]{\hsize }{\n
ormalfont \footnotesize \noindent \unhbox \@tempboxa #2}\else \ifCLASSOPTIONcon
ference \hbox to\hsize {\normalfont \footnotesize \hfil \box \@tempboxa \hfil }
\else \hbox to\hsize {\normalfont \footnotesize \box \@tempboxa \hfil }\fi \fi 
\fi .
\c@ContinuedFloat=\count93
) ("E:\Program Files\MikTeX\tex\latex\caption\subcaption.sty"
Package: subcaption 2013/02/03 v1.1-62 Sub-captions (AR)
\c@subfigure=\count94
\c@subtable=\count95
)
("E:\Libraries\Documents\Research\OculusTreadmill\Papers\Rift Paper\comment.sty
"
Package: comment 2013/02/13 Comment Package
 ("E:\Program Files\MikTeX\tex\latex\ulem\ulem.sty"
\UL@box=\box27
\UL@hyphenbox=\box28
\UL@skip=\skip44
\UL@hook=\toks16
\UL@height=\dimen128
\UL@pe=\count96
\UL@pixel=\dimen129
\ULC@box=\box29
Package: ulem 2012/05/18
\ULdepth=\dimen130
)
("E:\Program Files\MikTeX\tex\latex\graphics\color.sty"
Package: color 2005/11/14 v1.0j Standard LaTeX Color (DPC)

("E:\Program Files\MikTeX\tex\latex\00miktex\color.cfg"
File: color.cfg 2007/01/18 v1.5 color configuration of teTeX/TeXLive
)
Package color Info: Driver file: pdftex.def on input line 130.

("E:\Program Files\MikTeX\tex\latex\graphics\dvipsnam.def"
File: dvipsnam.def 1999/02/16 v3.0i Driver-dependant file (DPC,SPQR)
))
("E:\Program Files\MikTeX\tex\latex\colortbl\colortbl.sty"
Package: colortbl 2012/02/13 v1.0a Color table columns (DPC)

("E:\Program Files\MikTeX\tex\latex\tools\array.sty"
Package: array 2008/09/09 v2.4c Tabular extension package (FMi)
\col@sep=\dimen131
\extrarowheight=\dimen132
\NC@list=\toks17
\extratabsurround=\skip45
\backup@length=\skip46
)
\everycr=\toks18
\minrowclearance=\skip47
))
("E:\Libraries\Documents\Research\OculusTreadmill\Papers\Rift Paper\main.aux")
LaTeX Font Info:    Checking defaults for OML/cmm/m/it on input line 24.
LaTeX Font Info:    ... okay on input line 24.
LaTeX Font Info:    Checking defaults for T1/cmr/m/n on input line 24.
LaTeX Font Info:    ... okay on input line 24.
LaTeX Font Info:    Checking defaults for OT1/cmr/m/n on input line 24.
LaTeX Font Info:    ... okay on input line 24.
LaTeX Font Info:    Checking defaults for OMS/cmsy/m/n on input line 24.
LaTeX Font Info:    ... okay on input line 24.
LaTeX Font Info:    Checking defaults for OMX/cmex/m/n on input line 24.
LaTeX Font Info:    ... okay on input line 24.
LaTeX Font Info:    Checking defaults for U/cmr/m/n on input line 24.
LaTeX Font Info:    ... okay on input line 24.

("E:\Program Files\MikTeX\tex\context\base\supp-pdf.mkii"
[Loading MPS to PDF converter (version 2006.09.02).]
\scratchcounter=\count97
\scratchdimen=\dimen133
\scratchbox=\box30
\nofMPsegments=\count98
\nofMParguments=\count99
\everyMPshowfont=\toks19
\MPscratchCnt=\count100
\MPscratchDim=\dimen134
\MPnumerator=\count101
\makeMPintoPDFobject=\count102
\everyMPtoPDFconversion=\toks20
)
Package caption Info: Begin \AtBeginDocument code.
Package caption Info: End \AtBeginDocument code.
LaTeX Font Info:    Calculating math sizes for size <11> on input line 34.
LaTeX Font Info:    External font `cmex10' loaded for size
(Font)              <11> on input line 34.
LaTeX Font Info:    External font `cmex10' loaded for size
(Font)              <7.69997> on input line 34.
LaTeX Font Info:    External font `cmex10' loaded for size
(Font)              <5.5> on input line 34.
LaTeX Font Info:    Try loading font information for OMS+ptm on input line 34.
 ("E:\Program Files\MikTeX\tex\latex\psnfss\omsptm.fd"
File: omsptm.fd 
)
LaTeX Font Info:    Font shape `OMS/ptm/m/n' in size <8> not available
(Font)              Font shape `OMS/cmsy/m/n' tried instead on input line 34.
LaTeX Font Info:    External font `cmex10' loaded for size
(Font)              <8> on input line 34.
LaTeX Font Info:    External font `cmex10' loaded for size
(Font)              <6> on input line 34.
LaTeX Font Info:    External font `cmex10' loaded for size
(Font)              <5> on input line 34.

("E:\Libraries\Documents\Research\OculusTreadmill\Papers\Rift Paper\methods.tex
" <Figures/VSTsystem.jpg, id=1, 1204.5pt x 1606.0pt>
File: Figures/VSTsystem.jpg Graphic file (type jpg)

<use Figures/VSTsystem.jpg>
Package pdftex.def Info: Figures/VSTsystem.jpg used on input line 6.
(pdftex.def)             Requested size: 176.39923pt x 235.17981pt.
LaTeX Font Info:    External font `cmex10' loaded for size
(Font)              <7> on input line 15.
 [1{C:/ProgramData/MiKTeX/2.9/pdftex/config/pdftex.map}


 <E:/Libraries/Documents/Research/OculusTreadmill/Papers/Rift Paper/Figures/VST
system.jpg>] <Figures/show_perturbs.jpg, id=15, 1344.9447pt x 1052.733pt>
File: Figures/show_perturbs.jpg Graphic file (type jpg)

<use Figures/show_perturbs.jpg>
Package pdftex.def Info: Figures/show_perturbs.jpg used on input line 26.
(pdftex.def)             Requested size: 252.0pt x 197.24239pt.
)
("E:\Libraries\Documents\Research\OculusTreadmill\Papers\Rift Paper\results.tex
"
Underfull \vbox (badness 10000) has occurred while \output is active []


<Figures/TA_all_mean.pdf, id=16, 1152.305pt x 859.21pt>
File: Figures/TA_all_mean.pdf Graphic file (type pdf)

<use Figures/TA_all_mean.pdf>
Package pdftex.def Info: Figures/TA_all_mean.pdf used on input line 8.
(pdftex.def)             Requested size: 226.79846pt x 169.09886pt.

<Figures/GA_all_mean.pdf, id=17, 1087.06125pt x 831.105pt>
File: Figures/GA_all_mean.pdf Graphic file (type pdf)

<use Figures/GA_all_mean.pdf>
Package pdftex.def Info: Figures/GA_all_mean.pdf used on input line 17.
(pdftex.def)             Requested size: 226.79846pt x 173.39584pt.

<Figures/SOL_all_mean.pdf, id=18, 1646.15pt x 930.47626pt>
File: Figures/SOL_all_mean.pdf Graphic file (type pdf)

<use Figures/SOL_all_mean.pdf>
Package pdftex.def Info: Figures/SOL_all_mean.pdf used on input line 26.
(pdftex.def)             Requested size: 226.79846pt x 128.19289pt.
)
("E:\Libraries\Documents\Research\OculusTreadmill\Papers\Rift Paper\main.bbl")

Package balance Warning: You have called \balance in second column
(balance)                Columns might not be balanced.

[2 <E:/Libraries/Documents/Research/OculusTreadmill/Papers/Rift Paper/Figures/s
how_perturbs.jpg>]
Overfull \vbox (302.67963pt too high) has occurred while \output is active []


Overfull \vbox (302.67963pt too high) has occurred while \output is active []


[3 <E:/Libraries/Documents/Research/OculusTreadmill/Papers/Rift Paper/Figures/T
A_all_mean.pdf> <E:/Libraries/Documents/Research/OculusTreadmill/Papers/Rift Pa
per/Figures/GA_all_mean.pdf

pdfTeX warning: pdflatex.EXE (file E:/Libraries/Documents/Research/OculusTreadm
ill/Papers/Rift Paper/Figures/GA_all_mean.pdf): PDF inclusion: multiple pdfs wi
th page group included in a single page
> <E:/Libraries/Documents/Research/OculusTreadmill/Papers/Rift Paper/Figures/SO
L_all_mean.pdf

pdfTeX warning: pdflatex.EXE (file E:/Libraries/Documents/Research/OculusTreadm
ill/Papers/Rift Paper/Figures/SOL_all_mean.pdf): PDF inclusion: multiple pdfs w
ith page group included in a single page
>] ("E:\Libraries\Documents\Research\OculusTreadmill\Papers\Rift Paper\main.aux
") ) 
Here is how much of TeX's memory you used:
 3601 strings out of 493921
 58509 string characters out of 3148889
 115441 words of memory out of 3000000
 6862 multiletter control sequences out of 15000+200000
 39144 words of font info for 75 fonts, out of 3000000 for 9000
 844 hyphenation exceptions out of 8191
 41i,8n,38p,1218b,443s stack positions out of 5000i,500n,10000p,200000b,50000s
{E:/Program Files/MikTeX/fonts/enc/dvips/fontname/8r.enc}<E:/Program Files/
MikTeX/fonts/type1/public/amsfonts/cm/cmmi10.pfb><E:/Program Files/MikTeX/fonts
/type1/public/amsfonts/cm/cmr10.pfb><E:/Program Files/MikTeX/fonts/type1/public
/amsfonts/cm/cmsy10.pfb><E:/Program Files/MikTeX/fonts/type1/public/amsfonts/cm
/cmsy6.pfb><E:/Program Files/MikTeX/fonts/type1/public/amsfonts/cm/cmsy8.pfb><E
:/Program Files/MikTeX/fonts/type1/urw/times/utmb8a.pfb><E:/Program Files/MikTe
X/fonts/type1/urw/times/utmbi8a.pfb><E:/Program Files/MikTeX/fonts/type1/urw/ti
mes/utmr8a.pfb><E:/Program Files/MikTeX/fonts/type1/urw/times/utmri8a.pfb>
Output written on main.pdf (3 pages, 5895993 bytes).
PDF statistics:
 73 PDF objects out of 1000 (max. 8388607)
 0 named destinations out of 1000 (max. 500000)
 26 words of extra memory for PDF output out of 10000 (max. 10000000)

